<?xml version="1.0" encoding="UTF-8" ?>
<testsuite errors="0" failures="1" hostname="Mehmet" name="NumberStatistics2Test" skipped="0" tests="1" time="0.219" timestamp="2015-09-24T17:41:56">
  <properties>
[...]
</properties>
  <testcase classname="junit.framework.TestSuite$1" name="warning" time="0.016">
    <failure message="No tests found in NumberStatistics2Test" type="junit.framework.AssertionFailedError">junit.framework.AssertionFailedError: No tests found in NumberStatistics2Test
</failure>
  </testcase>
  <system-out><![CDATA[]]></system-out>
  <system-err><![CDATA[]]></system-err>
</testsuite>
